2022-04-02 22:56:39,236 INFO by.bsc.iac.monitoringbuildingmaterials.MonitoringBuildingMaterialsApplication [main] Starting MonitoringBuildingMaterialsApplication using Java 11.0.7 on HP15-N002SR with PID 11940 (D:\WEB_PROJECT_STUDY\MonitoringBuildingMaterials\target\classes started by Olesia in D:\WEB_PROJECT_STUDY\MonitoringBuildingMaterials)
2022-04-02 22:56:39,250 DEBUG by.bsc.iac.monitoringbuildingmaterials.MonitoringBuildingMaterialsApplication [main] Running with Spring Boot v2.6.4, Spring v5.3.16
2022-04-02 22:56:39,254 INFO by.bsc.iac.monitoringbuildingmaterials.MonitoringBuildingMaterialsApplication [main] No active profile set, falling back to 1 default profile: "default"
2022-04-02 22:56:58,422 INFO by.bsc.iac.monitoringbuildingmaterials.MonitoringBuildingMaterialsApplication [main] Started MonitoringBuildingMaterialsApplication in 21.324 seconds (JVM running for 26.625)
2022-04-02 22:58:19,560 INFO by.bsc.iac.monitoringbuildingmaterials.aspect.MyLoggingAspect [http-nio-8080-exec-4] User Natalya is calling method: showAllUnits from class: by.bsc.iac.monitoringbuildingmaterials.controller.ReferenceBookController
2022-04-02 23:00:09,160 INFO by.bsc.iac.monitoringbuildingmaterials.MonitoringBuildingMaterialsApplication [main] Starting MonitoringBuildingMaterialsApplication using Java 11.0.7 on HP15-N002SR with PID 4448 (D:\WEB_PROJECT_STUDY\MonitoringBuildingMaterials\target\classes started by Olesia in D:\WEB_PROJECT_STUDY\MonitoringBuildingMaterials)
2022-04-02 23:00:09,203 DEBUG by.bsc.iac.monitoringbuildingmaterials.MonitoringBuildingMaterialsApplication [main] Running with Spring Boot v2.6.4, Spring v5.3.16
2022-04-02 23:00:09,205 INFO by.bsc.iac.monitoringbuildingmaterials.MonitoringBuildingMaterialsApplication [main] No active profile set, falling back to 1 default profile: "default"
2022-04-02 23:00:32,752 INFO by.bsc.iac.monitoringbuildingmaterials.MonitoringBuildingMaterialsApplication [main] Started MonitoringBuildingMaterialsApplication in 26.407 seconds (JVM running for 32.645)
2022-04-02 23:00:39,044 INFO by.bsc.iac.monitoringbuildingmaterials.aspect.MyLoggingAspect [http-nio-8080-exec-4] User Natalya is calling method: showAllUnits from class: by.bsc.iac.monitoringbuildingmaterials.controller.ReferenceBookController
2022-04-02 23:00:51,878 INFO by.bsc.iac.monitoringbuildingmaterials.aspect.MyLoggingAspect [http-nio-8080-exec-10] User Natalya is calling method: getInternationalPage from class: by.bsc.iac.monitoringbuildingmaterials.controller.ReferenceBookController
2022-04-02 23:00:51,918 INFO by.bsc.iac.monitoringbuildingmaterials.aspect.MyLoggingAspect [http-nio-8080-exec-1] User Natalya is calling method: showAllUnits from class: by.bsc.iac.monitoringbuildingmaterials.controller.ReferenceBookController
2022-04-02 23:02:02,129 INFO by.bsc.iac.monitoringbuildingmaterials.MonitoringBuildingMaterialsApplication [main] Starting MonitoringBuildingMaterialsApplication using Java 11.0.7 on HP15-N002SR with PID 9712 (D:\WEB_PROJECT_STUDY\MonitoringBuildingMaterials\target\classes started by Olesia in D:\WEB_PROJECT_STUDY\MonitoringBuildingMaterials)
2022-04-02 23:02:02,137 DEBUG by.bsc.iac.monitoringbuildingmaterials.MonitoringBuildingMaterialsApplication [main] Running with Spring Boot v2.6.4, Spring v5.3.16
2022-04-02 23:02:02,139 INFO by.bsc.iac.monitoringbuildingmaterials.MonitoringBuildingMaterialsApplication [main] No active profile set, falling back to 1 default profile: "default"
2022-04-02 23:02:17,955 INFO by.bsc.iac.monitoringbuildingmaterials.MonitoringBuildingMaterialsApplication [main] Started MonitoringBuildingMaterialsApplication in 18.255 seconds (JVM running for 27.077)
2022-04-02 23:03:48,673 INFO by.bsc.iac.monitoringbuildingmaterials.aspect.MyLoggingAspect [http-nio-8080-exec-4] User Natalya is calling method: showAllUnits from class: by.bsc.iac.monitoringbuildingmaterials.controller.ReferenceBookController
2022-04-02 23:03:55,719 INFO by.bsc.iac.monitoringbuildingmaterials.aspect.MyLoggingAspect [http-nio-8080-exec-10] User Natalya is calling method: getInternationalPage from class: by.bsc.iac.monitoringbuildingmaterials.controller.ReferenceBookController
2022-04-02 23:03:55,749 INFO by.bsc.iac.monitoringbuildingmaterials.aspect.MyLoggingAspect [http-nio-8080-exec-1] User Natalya is calling method: showAllUnits from class: by.bsc.iac.monitoringbuildingmaterials.controller.ReferenceBookController
2022-04-02 23:03:59,451 INFO by.bsc.iac.monitoringbuildingmaterials.aspect.MyLoggingAspect [http-nio-8080-exec-9] User Natalya is calling method: showAllUnits from class: by.bsc.iac.monitoringbuildingmaterials.controller.ReferenceBookController
2022-04-02 23:04:03,125 INFO by.bsc.iac.monitoringbuildingmaterials.aspect.MyLoggingAspect [http-nio-8080-exec-5] User Natalya is calling method: showAllUnits from class: by.bsc.iac.monitoringbuildingmaterials.controller.ReferenceBookController
2022-04-02 23:04:04,677 INFO by.bsc.iac.monitoringbuildingmaterials.aspect.MyLoggingAspect [http-nio-8080-exec-8] User Natalya is calling method: showAllUnits from class: by.bsc.iac.monitoringbuildingmaterials.controller.ReferenceBookController
2022-04-02 23:07:29,024 INFO by.bsc.iac.monitoringbuildingmaterials.MonitoringBuildingMaterialsApplication [main] Starting MonitoringBuildingMaterialsApplication using Java 11.0.7 on HP15-N002SR with PID 7880 (D:\WEB_PROJECT_STUDY\MonitoringBuildingMaterials\target\classes started by Olesia in D:\WEB_PROJECT_STUDY\MonitoringBuildingMaterials)
2022-04-02 23:07:29,033 DEBUG by.bsc.iac.monitoringbuildingmaterials.MonitoringBuildingMaterialsApplication [main] Running with Spring Boot v2.6.4, Spring v5.3.16
2022-04-02 23:07:29,041 INFO by.bsc.iac.monitoringbuildingmaterials.MonitoringBuildingMaterialsApplication [main] No active profile set, falling back to 1 default profile: "default"
2022-04-02 23:07:42,010 INFO by.bsc.iac.monitoringbuildingmaterials.MonitoringBuildingMaterialsApplication [main] Started MonitoringBuildingMaterialsApplication in 15.77 seconds (JVM running for 23.425)
2022-04-02 23:12:02,936 INFO by.bsc.iac.monitoringbuildingmaterials.aspect.MyLoggingAspect [http-nio-8080-exec-4] User Natalya is calling method: showAllUnits from class: by.bsc.iac.monitoringbuildingmaterials.controller.ReferenceBookController
2022-04-02 23:12:16,220 INFO by.bsc.iac.monitoringbuildingmaterials.aspect.MyLoggingAspect [http-nio-8080-exec-10] User Natalya is calling method: getInternationalPage from class: by.bsc.iac.monitoringbuildingmaterials.controller.ReferenceBookController
2022-04-02 23:12:16,260 INFO by.bsc.iac.monitoringbuildingmaterials.aspect.MyLoggingAspect [http-nio-8080-exec-1] User Natalya is calling method: showAllUnits from class: by.bsc.iac.monitoringbuildingmaterials.controller.ReferenceBookController
2022-04-02 23:12:57,355 INFO by.bsc.iac.monitoringbuildingmaterials.MonitoringBuildingMaterialsApplication [main] Starting MonitoringBuildingMaterialsApplication using Java 11.0.7 on HP15-N002SR with PID 12144 (D:\WEB_PROJECT_STUDY\MonitoringBuildingMaterials\target\classes started by Olesia in D:\WEB_PROJECT_STUDY\MonitoringBuildingMaterials)
2022-04-02 23:12:57,376 DEBUG by.bsc.iac.monitoringbuildingmaterials.MonitoringBuildingMaterialsApplication [main] Running with Spring Boot v2.6.4, Spring v5.3.16
2022-04-02 23:12:57,378 INFO by.bsc.iac.monitoringbuildingmaterials.MonitoringBuildingMaterialsApplication [main] No active profile set, falling back to 1 default profile: "default"
2022-04-02 23:13:18,516 INFO by.bsc.iac.monitoringbuildingmaterials.MonitoringBuildingMaterialsApplication [main] Started MonitoringBuildingMaterialsApplication in 23.84 seconds (JVM running for 29.606)
2022-04-02 23:13:58,198 INFO by.bsc.iac.monitoringbuildingmaterials.aspect.MyLoggingAspect [http-nio-8080-exec-4] User Natalya is calling method: showAllUnits from class: by.bsc.iac.monitoringbuildingmaterials.controller.ReferenceBookController
2022-04-02 23:15:14,557 INFO by.bsc.iac.monitoringbuildingmaterials.MonitoringBuildingMaterialsApplication [main] Starting MonitoringBuildingMaterialsApplication using Java 11.0.7 on HP15-N002SR with PID 4448 (D:\WEB_PROJECT_STUDY\MonitoringBuildingMaterials\target\classes started by Olesia in D:\WEB_PROJECT_STUDY\MonitoringBuildingMaterials)
2022-04-02 23:15:14,565 DEBUG by.bsc.iac.monitoringbuildingmaterials.MonitoringBuildingMaterialsApplication [main] Running with Spring Boot v2.6.4, Spring v5.3.16
2022-04-02 23:15:14,567 INFO by.bsc.iac.monitoringbuildingmaterials.MonitoringBuildingMaterialsApplication [main] No active profile set, falling back to 1 default profile: "default"
2022-04-02 23:15:42,985 INFO by.bsc.iac.monitoringbuildingmaterials.MonitoringBuildingMaterialsApplication [main] Started MonitoringBuildingMaterialsApplication in 31.252 seconds (JVM running for 39.119)
2022-04-02 23:15:55,447 INFO by.bsc.iac.monitoringbuildingmaterials.aspect.MyLoggingAspect [http-nio-8080-exec-7] User Natalya is calling method: showAllUnits from class: by.bsc.iac.monitoringbuildingmaterials.controller.ReferenceBookController
