2022-03-28 21:48:49.317  INFO 220 --- [main] m.MonitoringBuildingMaterialsApplication : Starting MonitoringBuildingMaterialsApplication using Java 11.0.7 on HP15-N002SR with PID 220 (D:\WEB_PROJECT_STUDY\MonitoringBuildingMaterials\target\classes started by Olesia in D:\WEB_PROJECT_STUDY\MonitoringBuildingMaterials)
2022-03-28 21:48:49.416  INFO 220 --- [main] m.MonitoringBuildingMaterialsApplication : No active profile set, falling back to 1 default profile: "default"
2022-03-28 21:48:52.272  INFO 220 --- [main] .s.d.r.c.RepositoryConfigurationDelegate : Bootstrapping Spring Data JPA repositories in DEFAULT mode.
2022-03-28 21:48:52.553  INFO 220 --- [main] .s.d.r.c.RepositoryConfigurationDelegate : Finished Spring Data repository scanning in 251 ms. Found 8 JPA repository interfaces.
2022-03-28 21:48:54.665  INFO 220 --- [main] o.s.b.w.embedded.tomcat.TomcatWebServer  : Tomcat initialized with port(s): 8080 (http)
2022-03-28 21:48:54.709  INFO 220 --- [main] o.apache.catalina.core.StandardService   : Starting service [Tomcat]
2022-03-28 21:48:54.711  INFO 220 --- [main] org.apache.catalina.core.StandardEngine  : Starting Servlet engine: [Apache Tomcat/9.0.58]
2022-03-28 21:48:55.342  INFO 220 --- [main] o.a.c.c.C.[Tomcat].[localhost].[/iacsk]  : Initializing Spring embedded WebApplicationContext
2022-03-28 21:48:55.344  INFO 220 --- [main] w.s.c.ServletWebServerApplicationContext : Root WebApplicationContext: initialization completed in 5632 ms
2022-03-28 21:48:55.599  INFO 220 --- [MLog-Init-Reporter] com.mchange.v2.log.MLog                  : MLog clients using slf4j logging.
2022-03-28 21:48:55.712  INFO 220 --- [main] com.mchange.v2.c3p0.C3P0Registry         : Initializing c3p0-0.9.5.4 [built 23-March-2019 23:00:48 -0700; debug? true; trace: 10]
2022-03-28 21:48:56.181  INFO 220 --- [main] c.m.v.c.i.AbstractPoolBackedDataSource   : Initializing c3p0 pool... com.mchange.v2.c3p0.ComboPooledDataSource [ acquireIncrement -> 3, acquireRetryAttempts -> 30, acquireRetryDelay -> 1000, autoCommitOnClose -> false, automaticTestTable -> null, breakAfterAcquireFailure -> false, checkoutTimeout -> 0, connectionCustomizerClassName -> null, connectionTesterClassName -> com.mchange.v2.c3p0.impl.DefaultConnectionTester, contextClassLoaderSource -> caller, dataSourceName -> 1hgeknuan1m889zdgh830k|29fe4840, debugUnreturnedConnectionStackTraces -> false, description -> null, driverClass -> org.postgresql.Driver, extensions -> {}, factoryClassLocation -> null, forceIgnoreUnresolvedTransactions -> false, forceSynchronousCheckins -> false, forceUseNamedDriverClass -> false, identityToken -> 1hgeknuan1m889zdgh830k|29fe4840, idleConnectionTestPeriod -> 0, initialPoolSize -> 3, jdbcUrl -> jdbc:postgresql://localhost:5432/miac?useSSL=false&serverTimezone=UTC, maxAdministrativeTaskTime -> 0, maxConnectionAge -> 0, maxIdleTime -> 0, maxIdleTimeExcessConnections -> 0, maxPoolSize -> 15, maxStatements -> 0, maxStatementsPerConnection -> 0, minPoolSize -> 3, numHelperThreads -> 3, preferredTestQuery -> null, privilegeSpawnedThreads -> false, properties -> {password=******, user=******}, propertyCycle -> 0, statementCacheNumDeferredCloseThreads -> 0, testConnectionOnCheckin -> false, testConnectionOnCheckout -> false, unreturnedConnectionTimeout -> 0, userOverrides -> {}, usesTraditionalReflectiveProxies -> false ]
2022-03-28 21:48:56.766  INFO 220 --- [main] o.hibernate.jpa.internal.util.LogHelper  : HHH000204: Processing PersistenceUnitInfo [name: default]
2022-03-28 21:48:56.887  INFO 220 --- [main] org.hibernate.Version                    : HHH000412: Hibernate ORM core version 5.6.5.Final
2022-03-28 21:48:57.245  INFO 220 --- [main] o.hibernate.annotations.common.Version   : HCANN000001: Hibernate Commons Annotations {5.1.2.Final}
2022-03-28 21:48:57.516  INFO 220 --- [main] org.hibernate.dialect.Dialect            : HHH000400: Using dialect: org.hibernate.dialect.PostgreSQLDialect
2022-03-28 21:48:59.319  INFO 220 --- [main] o.h.e.t.j.p.i.JtaPlatformInitiator       : HHH000490: Using JtaPlatform implementation: [org.hibernate.engine.transaction.jta.platform.internal.NoJtaPlatform]
2022-03-28 21:48:59.348  INFO 220 --- [main] j.LocalContainerEntityManagerFactoryBean : Initialized JPA EntityManagerFactory for persistence unit 'default'
2022-03-28 21:48:59.498  WARN 220 --- [main] JpaBaseConfiguration$JpaWebConfiguration : spring.jpa.open-in-view is enabled by default. Therefore, database queries may be performed during view rendering. Explicitly configure spring.jpa.open-in-view to disable this warning
2022-03-28 21:49:00.106  INFO 220 --- [main] o.s.s.web.DefaultSecurityFilterChain     : Will not secure any request
2022-03-28 21:49:02.623  WARN 220 --- [main] ion$DefaultTemplateResolverConfiguration : Cannot find template location: classpath:/templates/ (please add some templates or check your Thymeleaf configuration)
2022-03-28 21:49:02.793  INFO 220 --- [main] o.s.b.w.embedded.tomcat.TomcatWebServer  : Tomcat started on port(s): 8080 (http) with context path '/iacsk'
2022-03-28 21:49:02.835  INFO 220 --- [main] m.MonitoringBuildingMaterialsApplication : Started MonitoringBuildingMaterialsApplication in 15.309 seconds (JVM running for 19.095)
2022-03-28 21:50:16.002  INFO 220 --- [http-nio-8080-exec-1] o.a.c.c.C.[Tomcat].[localhost].[/iacsk]  : Initializing Spring DispatcherServlet 'dispatcherServlet'
2022-03-28 21:50:16.004  INFO 220 --- [http-nio-8080-exec-1] o.s.web.servlet.DispatcherServlet        : Initializing Servlet 'dispatcherServlet'
2022-03-28 21:50:16.009  INFO 220 --- [http-nio-8080-exec-1] o.s.web.servlet.DispatcherServlet        : Completed initialization in 4 ms
2022-03-28 21:50:16.449  WARN 220 --- [http-nio-8080-exec-1] o.a.c.util.SessionIdGeneratorBase        : Creation of SecureRandom instance for session ID generation using [SHA1PRNG] took [317] milliseconds.
2022-03-28 21:50:21.753  INFO 220 --- [http-nio-8080-exec-4] b.b.i.m.aspect.MyLoggingAspect           : 2022-03-28 21:50:21 User Olesia is calling method: mainPage from class: by.bsc.iac.monitoringbuildingmaterials.controller.MainController
2022-03-28 22:11:35.486  INFO 12476 --- [main] m.MonitoringBuildingMaterialsApplication : Starting MonitoringBuildingMaterialsApplication using Java 11.0.7 on HP15-N002SR with PID 12476 (D:\WEB_PROJECT_STUDY\MonitoringBuildingMaterials\target\classes started by Olesia in D:\WEB_PROJECT_STUDY\MonitoringBuildingMaterials)
2022-03-28 22:11:35.498  INFO 12476 --- [main] m.MonitoringBuildingMaterialsApplication : No active profile set, falling back to 1 default profile: "default"
2022-03-28 22:11:38.527  INFO 12476 --- [main] .s.d.r.c.RepositoryConfigurationDelegate : Bootstrapping Spring Data JPA repositories in DEFAULT mode.
2022-03-28 22:11:38.872  INFO 12476 --- [main] .s.d.r.c.RepositoryConfigurationDelegate : Finished Spring Data repository scanning in 305 ms. Found 8 JPA repository interfaces.
2022-03-28 22:11:41.493  INFO 12476 --- [main] o.s.b.w.embedded.tomcat.TomcatWebServer  : Tomcat initialized with port(s): 8080 (http)
2022-03-28 22:11:41.528  INFO 12476 --- [main] o.apache.catalina.core.StandardService   : Starting service [Tomcat]
2022-03-28 22:11:41.529  INFO 12476 --- [main] org.apache.catalina.core.StandardEngine  : Starting Servlet engine: [Apache Tomcat/9.0.58]
2022-03-28 22:11:42.215  INFO 12476 --- [main] o.a.c.c.C.[Tomcat].[localhost].[/iacsk]  : Initializing Spring embedded WebApplicationContext
2022-03-28 22:11:42.216  INFO 12476 --- [main] w.s.c.ServletWebServerApplicationContext : Root WebApplicationContext: initialization completed in 6499 ms
2022-03-28 22:11:42.498  INFO 12476 --- [MLog-Init-Reporter] com.mchange.v2.log.MLog                  : MLog clients using slf4j logging.
2022-03-28 22:11:42.645  INFO 12476 --- [main] com.mchange.v2.c3p0.C3P0Registry         : Initializing c3p0-0.9.5.4 [built 23-March-2019 23:00:48 -0700; debug? true; trace: 10]
2022-03-28 22:11:43.249  INFO 12476 --- [main] c.m.v.c.i.AbstractPoolBackedDataSource   : Initializing c3p0 pool... com.mchange.v2.c3p0.ComboPooledDataSource [ acquireIncrement -> 3, acquireRetryAttempts -> 30, acquireRetryDelay -> 1000, autoCommitOnClose -> false, automaticTestTable -> null, breakAfterAcquireFailure -> false, checkoutTimeout -> 0, connectionCustomizerClassName -> null, connectionTesterClassName -> com.mchange.v2.c3p0.impl.DefaultConnectionTester, contextClassLoaderSource -> caller, dataSourceName -> 1hgeknuan1m91kpd11hvd4g|7a687d8d, debugUnreturnedConnectionStackTraces -> false, description -> null, driverClass -> org.postgresql.Driver, extensions -> {}, factoryClassLocation -> null, forceIgnoreUnresolvedTransactions -> false, forceSynchronousCheckins -> false, forceUseNamedDriverClass -> false, identityToken -> 1hgeknuan1m91kpd11hvd4g|7a687d8d, idleConnectionTestPeriod -> 0, initialPoolSize -> 3, jdbcUrl -> jdbc:postgresql://localhost:5432/miac?useSSL=false&serverTimezone=UTC, maxAdministrativeTaskTime -> 0, maxConnectionAge -> 0, maxIdleTime -> 0, maxIdleTimeExcessConnections -> 0, maxPoolSize -> 15, maxStatements -> 0, maxStatementsPerConnection -> 0, minPoolSize -> 3, numHelperThreads -> 3, preferredTestQuery -> null, privilegeSpawnedThreads -> false, properties -> {password=******, user=******}, propertyCycle -> 0, statementCacheNumDeferredCloseThreads -> 0, testConnectionOnCheckin -> false, testConnectionOnCheckout -> false, unreturnedConnectionTimeout -> 0, userOverrides -> {}, usesTraditionalReflectiveProxies -> false ]
2022-03-28 22:11:43.926  INFO 12476 --- [main] o.hibernate.jpa.internal.util.LogHelper  : HHH000204: Processing PersistenceUnitInfo [name: default]
2022-03-28 22:11:44.055  INFO 12476 --- [main] org.hibernate.Version                    : HHH000412: Hibernate ORM core version 5.6.5.Final
2022-03-28 22:11:44.463  INFO 12476 --- [main] o.hibernate.annotations.common.Version   : HCANN000001: Hibernate Commons Annotations {5.1.2.Final}
2022-03-28 22:11:44.853  INFO 12476 --- [main] org.hibernate.dialect.Dialect            : HHH000400: Using dialect: org.hibernate.dialect.PostgreSQLDialect
2022-03-28 22:11:46.683  INFO 12476 --- [main] o.h.e.t.j.p.i.JtaPlatformInitiator       : HHH000490: Using JtaPlatform implementation: [org.hibernate.engine.transaction.jta.platform.internal.NoJtaPlatform]
2022-03-28 22:11:46.708  INFO 12476 --- [main] j.LocalContainerEntityManagerFactoryBean : Initialized JPA EntityManagerFactory for persistence unit 'default'
2022-03-28 22:11:46.861  WARN 12476 --- [main] JpaBaseConfiguration$JpaWebConfiguration : spring.jpa.open-in-view is enabled by default. Therefore, database queries may be performed during view rendering. Explicitly configure spring.jpa.open-in-view to disable this warning
2022-03-28 22:11:47.474  INFO 12476 --- [main] o.s.s.web.DefaultSecurityFilterChain     : Will not secure any request
2022-03-28 22:11:50.463  WARN 12476 --- [main] ion$DefaultTemplateResolverConfiguration : Cannot find template location: classpath:/templates/ (please add some templates or check your Thymeleaf configuration)
2022-03-28 22:11:50.644  INFO 12476 --- [main] o.s.b.w.embedded.tomcat.TomcatWebServer  : Tomcat started on port(s): 8080 (http) with context path '/iacsk'
2022-03-28 22:11:50.698  INFO 12476 --- [main] m.MonitoringBuildingMaterialsApplication : Started MonitoringBuildingMaterialsApplication in 17.089 seconds (JVM running for 21.938)
2022-03-28 22:12:01.959  INFO 12476 --- [http-nio-8080-exec-2] o.a.c.c.C.[Tomcat].[localhost].[/iacsk]  : Initializing Spring DispatcherServlet 'dispatcherServlet'
2022-03-28 22:12:01.960  INFO 12476 --- [http-nio-8080-exec-2] o.s.web.servlet.DispatcherServlet        : Initializing Servlet 'dispatcherServlet'
2022-03-28 22:12:01.964  INFO 12476 --- [http-nio-8080-exec-2] o.s.web.servlet.DispatcherServlet        : Completed initialization in 3 ms
2022-03-28 22:12:02.399  WARN 12476 --- [http-nio-8080-exec-2] o.a.c.util.SessionIdGeneratorBase        : Creation of SecureRandom instance for session ID generation using [SHA1PRNG] took [305] milliseconds.
2022-03-28 22:12:05.813  INFO 12476 --- [http-nio-8080-exec-5] b.b.i.m.aspect.MyLoggingAspect           :  User Olesia is calling method: mainPage from class: by.bsc.iac.monitoringbuildingmaterials.controller.MainController
